<?xml version="1.0" encoding="UTF-8"?>
<!-- Generated by org.testng.reporters.JUnitReportReporter -->
<testsuite hostname="LAPTOP-1I0UICJP" failures="0" tests="1" name="com.iBanking.testCases.TC_LoginTest_001" time="1.228" errors="0" timestamp="2022-01-05T11:37:03 PST" skipped="0">
  <testcase classname="com.iBanking.testCases.TC_LoginTest_001" name="loginTest" time="1.228"/>
  <system-out/>
</testsuite> <!-- com.iBanking.testCases.TC_LoginTest_001 -->
